<?xml version="1.0" encoding="UTF-8"?>
<!-- Generated by org.testng.reporters.JUnitXMLReporter -->
<testsuite hostname="shankar" failures="0" tests="3" name="Default test" time="10.875" errors="0" timestamp="7 Jun 2020 02:45:55 GMT">
  <testcase classname="com.spicetag.qa.testcases.LoginPageTest" name="LoginPageTitleValidate" time="0.018"/>
  <testcase classname="com.spicetag.qa.testcases.LoginPageTest" name="spicetaglogo" time="0.133"/>
  <testcase classname="com.spicetag.qa.testcases.LoginPageTest" name="logintest" time="0.536"/>
</testsuite> <!-- Default test -->
