<?xml version="1.0" encoding="UTF-8"?>
<!-- Generated by org.testng.reporters.JUnitXMLReporter -->
<testsuite hostname="shankar" failures="0" tests="3" name="Default test" time="12.35" errors="0" timestamp="8 Jun 2020 01:35:58 GMT">
  <testcase classname="com.spicetag.qa.testcases.LoginPageTest" name="LoginPageTitleValidate" time="0.033"/>
  <testcase classname="com.spicetag.qa.testcases.LoginPageTest" name="spicetaglogo" time="0.084"/>
  <testcase classname="com.spicetag.qa.testcases.LoginPageTest" name="logintest" time="0.509"/>
</testsuite> <!-- Default test -->
