<?xml version="1.0" encoding="UTF-8"?>
<testng-results total="3" passed="3" failed="0" skipped="0">
  <reporter-output>
  </reporter-output>
  <suite started-at="2020-06-08T01:35:46Z" name="Default suite" finished-at="2020-06-08T01:35:58Z" duration-ms="12350">
    <groups>
    </groups>
    <test started-at="2020-06-08T01:35:46Z" name="Default test" finished-at="2020-06-08T01:35:58Z" duration-ms="12350">
      <class name="com.spicetag.qa.testcases.LoginPageTest">
        <test-method is-config="true" signature="setup()[pri:0, instance:com.spicetag.qa.testcases.LoginPageTest@27f981c6]" started-at="2020-06-08T07:05:46Z" name="setup" finished-at="2020-06-08T07:05:51Z" duration-ms="4910" status="PASS">
          <reporter-output>
          </reporter-output>
        </test-method> <!-- setup -->
        <test-method signature="LoginPageTitleValidate()[pri:0, instance:com.spicetag.qa.testcases.LoginPageTest@27f981c6]" started-at="2020-06-08T07:05:51Z" name="LoginPageTitleValidate" finished-at="2020-06-08T07:05:51Z" duration-ms="33" status="PASS">
          <reporter-output>
          </reporter-output>
        </test-method> <!-- LoginPageTitleValidate -->
        <test-method is-config="true" signature="TearDown()[pri:0, instance:com.spicetag.qa.testcases.LoginPageTest@27f981c6]" started-at="2020-06-08T07:05:51Z" name="TearDown" finished-at="2020-06-08T07:05:51Z" duration-ms="87" status="PASS">
          <reporter-output>
          </reporter-output>
        </test-method> <!-- TearDown -->
        <test-method is-config="true" signature="setup()[pri:0, instance:com.spicetag.qa.testcases.LoginPageTest@27f981c6]" started-at="2020-06-08T07:05:51Z" name="setup" finished-at="2020-06-08T07:05:54Z" duration-ms="3563" status="PASS">
          <reporter-output>
          </reporter-output>
        </test-method> <!-- setup -->
        <test-method signature="spicetaglogo()[pri:0, instance:com.spicetag.qa.testcases.LoginPageTest@27f981c6]" started-at="2020-06-08T07:05:54Z" name="spicetaglogo" finished-at="2020-06-08T07:05:54Z" duration-ms="84" status="PASS">
          <reporter-output>
          </reporter-output>
        </test-method> <!-- spicetaglogo -->
        <test-method is-config="true" signature="TearDown()[pri:0, instance:com.spicetag.qa.testcases.LoginPageTest@27f981c6]" started-at="2020-06-08T07:05:54Z" name="TearDown" finished-at="2020-06-08T07:05:55Z" duration-ms="73" status="PASS">
          <reporter-output>
          </reporter-output>
        </test-method> <!-- TearDown -->
        <test-method is-config="true" signature="setup()[pri:0, instance:com.spicetag.qa.testcases.LoginPageTest@27f981c6]" started-at="2020-06-08T07:05:55Z" name="setup" finished-at="2020-06-08T07:05:58Z" duration-ms="2995" status="PASS">
          <reporter-output>
          </reporter-output>
        </test-method> <!-- setup -->
        <test-method signature="logintest()[pri:0, instance:com.spicetag.qa.testcases.LoginPageTest@27f981c6]" started-at="2020-06-08T07:05:58Z" name="logintest" finished-at="2020-06-08T07:05:58Z" duration-ms="509" status="PASS">
          <reporter-output>
          </reporter-output>
        </test-method> <!-- logintest -->
        <test-method is-config="true" signature="TearDown()[pri:0, instance:com.spicetag.qa.testcases.LoginPageTest@27f981c6]" started-at="2020-06-08T07:05:58Z" name="TearDown" finished-at="2020-06-08T07:05:58Z" duration-ms="75" status="PASS">
          <reporter-output>
          </reporter-output>
        </test-method> <!-- TearDown -->
      </class> <!-- com.spicetag.qa.testcases.LoginPageTest -->
    </test> <!-- Default test -->
  </suite> <!-- Default suite -->
</testng-results>
